frontend/modules/apollo-security/android/build/intermediates/manifest_merge_blame_file/release/processReleaseManifest/manifest-merger-blame-release-report.txt
1<?xml version="1.0" encoding="utf-8"?>
2<manifest xmlns:android="http://schemas.android.com/apk/res/android"
3    package="com.hucentai.apollosecurity" >
4
5    <uses-sdk android:minSdkVersion="26" />
6
7    <uses-permission android:name="android.permission.INTERNET" />
7-->src/main/AndroidManifest.xml:2:3-65
7-->src/main/AndroidManifest.xml:2:20-62
8    <uses-permission android:name="android.permission.ACCESS_NETWORK_STATE" />
8-->src/main/AndroidManifest.xml:3:3-77
8-->src/main/AndroidManifest.xml:3:20-74
9    <uses-permission android:name="android.permission.FOREGROUND_SERVICE" />
9-->src/main/AndroidManifest.xml:4:3-75
9-->src/main/AndroidManifest.xml:4:20-72
10    <!--
11       Package visibility (Android 11+): Apollo deliberately does NOT use QUERY_ALL_PACKAGES. It can only see the
12       remote-access risk catalog plus the stores/browsers/messengers needed to name an install source.
13       Keep this list identical to AppDeviceCatalog.VISIBLE_PACKAGES.
14    -->
15    <queries>
15-->src/main/AndroidManifest.xml:8:3-46:13
16        <package android:name="com.anydesk.anydeskandroid" />
16-->src/main/AndroidManifest.xml:9:5-58
16-->src/main/AndroidManifest.xml:9:14-55
17        <package android:name="com.teamviewer.teamviewer.market.mobile" />
17-->src/main/AndroidManifest.xml:10:5-71
17-->src/main/AndroidManifest.xml:10:14-68
18        <package android:name="com.teamviewer.quicksupport.market" />
18-->src/main/AndroidManifest.xml:11:5-66
18-->src/main/AndroidManifest.xml:11:14-63
19        <package android:name="com.teamviewer.host.market" />
19-->src/main/AndroidManifest.xml:12:5-58
19-->src/main/AndroidManifest.xml:12:14-55
20        <package android:name="com.rsupport.rs.activity.rsupport.aas2" />
20-->src/main/AndroidManifest.xml:13:5-70
20-->src/main/AndroidManifest.xml:13:14-67
21        <package android:name="com.splashtop.remote.pad.v2" />
21-->src/main/AndroidManifest.xml:14:5-59
21-->src/main/AndroidManifest.xml:14:14-56
22        <package android:name="com.splashtop.streamer.csrs" />
22-->src/main/AndroidManifest.xml:15:5-59
22-->src/main/AndroidManifest.xml:15:14-56
23        <package android:name="com.sand.airdroid" />
23-->src/main/AndroidManifest.xml:16:5-49
23-->src/main/AndroidManifest.xml:16:14-46
24        <package android:name="com.sand.airmirror" />
24-->src/main/AndroidManifest.xml:17:5-50
24-->src/main/AndroidManifest.xml:17:14-47
25        <package android:name="com.microsoft.rdc.androidx" />
25-->src/main/AndroidManifest.xml:18:5-58
25-->src/main/AndroidManifest.xml:18:14-55
26        <package android:name="com.realvnc.viewer.android" />
26-->src/main/AndroidManifest.xml:19:5-58
26-->src/main/AndroidManifest.xml:19:14-55
27        <package android:name="com.logmein.rescuemobile" />
27-->src/main/AndroidManifest.xml:20:5-56
27-->src/main/AndroidManifest.xml:20:14-53
28        <package android:name="com.zoho.assist.agent" />
28-->src/main/AndroidManifest.xml:21:5-53
28-->src/main/AndroidManifest.xml:21:14-50
29        <package android:name="com.aeroadmin.android" />
29-->src/main/AndroidManifest.xml:22:5-53
29-->src/main/AndroidManifest.xml:22:14-50
30        <package android:name="com.ultraviewer.android" />
30-->src/main/AndroidManifest.xml:23:5-55
30-->src/main/AndroidManifest.xml:23:14-52
31        <package android:name="com.rustdesk.rustdesk" />
31-->src/main/AndroidManifest.xml:24:5-53
31-->src/main/AndroidManifest.xml:24:14-50
32        <package android:name="net.grandcentrix.tv.remotedesktop" />
32-->src/main/AndroidManifest.xml:25:5-65
32-->src/main/AndroidManifest.xml:25:14-62
33        <package android:name="com.android.vending" />
33-->src/main/AndroidManifest.xml:26:5-51
33-->src/main/AndroidManifest.xml:26:14-48
34        <package android:name="com.sec.android.app.samsungapps" />
34-->src/main/AndroidManifest.xml:27:5-63
34-->src/main/AndroidManifest.xml:27:14-60
35        <package android:name="com.amazon.venezia" />
35-->src/main/AndroidManifest.xml:28:5-50
35-->src/main/AndroidManifest.xml:28:14-47
36        <package android:name="com.huawei.appmarket" />
36-->src/main/AndroidManifest.xml:29:5-52
36-->src/main/AndroidManifest.xml:29:14-49
37        <package android:name="com.xiaomi.mipicks" />
37-->src/main/AndroidManifest.xml:30:5-50
37-->src/main/AndroidManifest.xml:30:14-47
38        <package android:name="com.android.chrome" />
38-->src/main/AndroidManifest.xml:31:5-50
38-->src/main/AndroidManifest.xml:31:14-47
39        <package android:name="org.mozilla.firefox" />
39-->src/main/AndroidManifest.xml:32:5-51
39-->src/main/AndroidManifest.xml:32:14-48
40        <package android:name="com.microsoft.emmx" />
40-->src/main/AndroidManifest.xml:33:5-50
40-->src/main/AndroidManifest.xml:33:14-47
41        <package android:name="com.opera.browser" />
41-->src/main/AndroidManifest.xml:34:5-49
41-->src/main/AndroidManifest.xml:34:14-46
42        <package android:name="com.brave.browser" />
42-->src/main/AndroidManifest.xml:35:5-49
42-->src/main/AndroidManifest.xml:35:14-46
43        <package android:name="com.sec.android.app.sbrowser" />
43-->src/main/AndroidManifest.xml:36:5-60
43-->src/main/AndroidManifest.xml:36:14-57
44        <package android:name="com.duckduckgo.mobile.android" />
44-->src/main/AndroidManifest.xml:37:5-61
44-->src/main/AndroidManifest.xml:37:14-58
45        <package android:name="com.android.browser" />
45-->src/main/AndroidManifest.xml:38:5-51
45-->src/main/AndroidManifest.xml:38:14-48
46        <package android:name="com.whatsapp" />
46-->src/main/AndroidManifest.xml:39:5-44
46-->src/main/AndroidManifest.xml:39:14-41
47        <package android:name="org.telegram.messenger" />
47-->src/main/AndroidManifest.xml:40:5-54
47-->src/main/AndroidManifest.xml:40:14-51
48        <package android:name="com.facebook.orca" />
48-->src/main/AndroidManifest.xml:41:5-49
48-->src/main/AndroidManifest.xml:41:14-46
49        <package android:name="com.google.android.apps.messaging" />
49-->src/main/AndroidManifest.xml:42:5-65
49-->src/main/AndroidManifest.xml:42:14-62
50        <package android:name="com.samsung.android.messaging" />
50-->src/main/AndroidManifest.xml:43:5-61
50-->src/main/AndroidManifest.xml:43:14-58
51        <package android:name="com.google.android.packageinstaller" />
51-->src/main/AndroidManifest.xml:44:5-67
51-->src/main/AndroidManifest.xml:44:14-64
52        <package android:name="com.android.packageinstaller" />
52-->src/main/AndroidManifest.xml:45:5-60
52-->src/main/AndroidManifest.xml:45:14-57
53    </queries>
54
55    <application>
55-->src/main/AndroidManifest.xml:47:3-80:17
56        <service
56-->src/main/AndroidManifest.xml:48:5-56:15
57            android:name="com.hucentai.apollosecurity.ApolloDnsVpnService"
57-->src/main/AndroidManifest.xml:49:7-69
58            android:exported="false"
58-->src/main/AndroidManifest.xml:50:7-31
59            android:permission="android.permission.BIND_VPN_SERVICE" >
59-->src/main/AndroidManifest.xml:51:7-63
60            <intent-filter>
60-->src/main/AndroidManifest.xml:52:7-54:23
61                <action android:name="android.net.VpnService" />
61-->src/main/AndroidManifest.xml:53:9-57
61-->src/main/AndroidManifest.xml:53:17-54
62            </intent-filter>
63
64            <meta-data
64-->src/main/AndroidManifest.xml:55:7-99
65                android:name="android.net.VpnService.SUPPORTS_ALWAYS_ON"
65-->src/main/AndroidManifest.xml:55:18-74
66                android:value="false" />
66-->src/main/AndroidManifest.xml:55:75-96
67        </service>
68        <!--
69         Text Guard: opt-in NotificationListenerService (Settings > Notification access). No READ_SMS,
70         ever — see ApolloSmsListenerService.kt header for the full truth-of-state contract.
71        -->
72        <service
72-->src/main/AndroidManifest.xml:59:5-67:15
73            android:name="com.hucentai.apollosecurity.ApolloSmsListenerService"
73-->src/main/AndroidManifest.xml:60:7-74
74            android:exported="false"
74-->src/main/AndroidManifest.xml:61:7-31
75            android:label="Apollo Text Guard"
75-->src/main/AndroidManifest.xml:62:7-40
76            android:permission="android.permission.BIND_NOTIFICATION_LISTENER_SERVICE" >
76-->src/main/AndroidManifest.xml:63:7-81
77            <intent-filter>
77-->src/main/AndroidManifest.xml:64:7-66:23
78                <action android:name="android.service.notification.NotificationListenerService" />
78-->src/main/AndroidManifest.xml:65:9-91
78-->src/main/AndroidManifest.xml:65:17-88
79            </intent-filter>
80        </service>
81        <!--
82         Call Guard: CallScreeningService, held only if the person selects Apollo via the
83         RoleManager.ROLE_CALL_SCREENING request flow (Settings > Default apps > Caller ID & spam
84         blocking). exported=true is required for the system Telecom process to bind across
85         processes; BIND_SCREENING_SERVICE restricts that binding to the system only.
86        -->
87        <service
87-->src/main/AndroidManifest.xml:72:5-79:15
88            android:name="com.hucentai.apollosecurity.ApolloCallScreeningService"
88-->src/main/AndroidManifest.xml:73:7-76
89            android:exported="true"
89-->src/main/AndroidManifest.xml:74:7-30
90            android:permission="android.permission.BIND_SCREENING_SERVICE" >
90-->src/main/AndroidManifest.xml:75:7-69
91            <intent-filter>
91-->src/main/AndroidManifest.xml:76:7-78:23
92                <action android:name="android.telecom.CallScreeningService" />
92-->src/main/AndroidManifest.xml:77:9-71
92-->src/main/AndroidManifest.xml:77:17-68
93            </intent-filter>
94        </service>
95    </application>
96
97</manifest>